

 Fri Jun 07 17:05:37 CEST 2024 [INFO] Entrando en el menu Incial de la app.
 Fri Jun 07 17:05:37 CEST 2024 [INFO] Registrando usuario...
 Fri Jun 07 17:08:46 CEST 2024 [INFO] Entrando en el menu Incial de la app.
 Fri Jun 07 17:08:46 CEST 2024 [INFO] Registrando usuario...
 Fri Jun 07 17:13:44 CEST 2024 [INFO] Entrando en el menu Incial de la app.
 Fri Jun 07 17:13:44 CEST 2024 [INFO] Registrando usuario...
 Fri Jun 07 17:19:28 CEST 2024 [INFO] Entrando en el menu Incial de la app.
 Fri Jun 07 17:19:28 CEST 2024 [INFO] Registrando usuario...
 Fri Jun 07 17:20:22 CEST 2024 [INFO] Entrando en el menu Incial de la app.
 Fri Jun 07 17:20:22 CEST 2024 [INFO] Registrando usuario...
 Fri Jun 07 17:20:22 CEST 2024 [INFO] Entrando en el menu Incial de la app.
 Fri Jun 07 17:20:22 CEST 2024 [INFO] Iniicando de registro usuario.
 Fri Jun 07 17:20:22 CEST 2024 [INFO] Usuariocom.dam.armario.entidades.usuario.Usuario@554e2caeregistrado correctamente.
 Fri Jun 07 17:20:22 CEST 2024 [INFO] Usuariocom.dam.armario.entidades.usuario.Usuario@554e2caeEntra en Menu Principal.
 Fri Jun 07 17:20:22 CEST 2024 [INFO] Entrando en el menu de Ropa del usuariocom.dam.armario.entidades.usuario.Usuario@554e2cae
 Fri Jun 07 17:20:22 CEST 2024 [INFO] Añadiendo prenda al usuario com.dam.armario.entidades.usuario.Usuario@554e2cae
 Fri Jun 07 17:25:47 CEST 2024 [INFO] Entrando en el menu Incial de la app.
 Fri Jun 07 17:25:47 CEST 2024 [INFO] Iniicando de registro usuario.
 Fri Jun 07 17:27:22 CEST 2024 [INFO] Entrando en el menu Incial de la app.
 Fri Jun 07 17:27:22 CEST 2024 [INFO] Iniicando de registro usuario.
 Fri Jun 07 17:27:22 CEST 2024 [INFO] Usuariocom.dam.armario.entidades.usuario.Usuario@52c09b9fregistrado correctamente.
 Fri Jun 07 17:27:22 CEST 2024 [INFO] Usuariocom.dam.armario.entidades.usuario.Usuario@52c09b9fEntra en Menu Principal.
 Fri Jun 07 17:27:22 CEST 2024 [INFO] Entrando en el menu de Ropa del usuariocom.dam.armario.entidades.usuario.Usuario@52c09b9f
 Fri Jun 07 17:27:22 CEST 2024 [INFO] Añadiendo prenda al usuario com.dam.armario.entidades.usuario.Usuario@52c09b9f
 Fri Jun 07 17:31:17 CEST 2024 [INFO] Entrando en el menu Incial de la app.
 Fri Jun 07 17:31:17 CEST 2024 [INFO] Iniicando de registro usuario.
 Fri Jun 07 17:31:17 CEST 2024 [INFO] Usuariocom.dam.armario.entidades.usuario.Usuario@78633c14registrado correctamente.
 Fri Jun 07 17:31:17 CEST 2024 [INFO] Usuariocom.dam.armario.entidades.usuario.Usuario@78633c14Entra en Menu Principal.
 Fri Jun 07 17:31:17 CEST 2024 [INFO] Entrando en el menu de Ropa del usuariocom.dam.armario.entidades.usuario.Usuario@78633c14
 Fri Jun 07 17:31:17 CEST 2024 [INFO] Añadiendo prenda al usuario com.dam.armario.entidades.usuario.Usuario@78633c14
 Fri Jun 07 17:35:49 CEST 2024 [INFO] Entrando en el menu Incial de la app.
 Fri Jun 07 17:35:49 CEST 2024 [INFO] Iniicando de registro usuario.
 Fri Jun 07 17:35:49 CEST 2024 [INFO] Usuariocom.dam.armario.entidades.usuario.Usuario@7097283aregistrado correctamente.
 Fri Jun 07 17:35:49 CEST 2024 [INFO] Usuariocom.dam.armario.entidades.usuario.Usuario@7097283aEntra en Menu Principal.
 Fri Jun 07 17:35:49 CEST 2024 [INFO] Entrando en el menu de Ropa del usuariocom.dam.armario.entidades.usuario.Usuario@7097283a
 Fri Jun 07 17:35:49 CEST 2024 [INFO] Añadiendo prenda al usuario com.dam.armario.entidades.usuario.Usuario@7097283a
 Fri Jun 07 17:39:50 CEST 2024 [INFO] Entrando en el menu Incial de la app.
 Fri Jun 07 17:39:50 CEST 2024 [INFO] Iniicando de registro usuario.
 Fri Jun 07 17:39:50 CEST 2024 [INFO] Usuariocom.dam.armario.entidades.usuario.Usuario@49a00cd1registrado correctamente.
 Fri Jun 07 17:39:50 CEST 2024 [INFO] Usuariocom.dam.armario.entidades.usuario.Usuario@49a00cd1Entra en Menu Principal.
 Fri Jun 07 17:39:50 CEST 2024 [INFO] Entrando en el menu de Ropa del usuariocom.dam.armario.entidades.usuario.Usuario@49a00cd1
 Fri Jun 07 17:39:50 CEST 2024 [INFO] Añadiendo prenda al usuario com.dam.armario.entidades.usuario.Usuario@49a00cd1
 Fri Jun 07 17:41:24 CEST 2024 [INFO] Entrando en el menu Incial de la app.
 Fri Jun 07 17:41:24 CEST 2024 [INFO] Iniicando de registro usuario.
 Fri Jun 07 17:41:24 CEST 2024 [INFO] Usuariocom.dam.armario.entidades.usuario.Usuario@4c52a1f5registrado correctamente.
 Fri Jun 07 17:41:24 CEST 2024 [INFO] Usuariocom.dam.armario.entidades.usuario.Usuario@4c52a1f5Entra en Menu Principal.
 Fri Jun 07 17:41:24 CEST 2024 [INFO] Entrando en el menu de Ropa del usuariocom.dam.armario.entidades.usuario.Usuario@4c52a1f5
 Fri Jun 07 17:41:24 CEST 2024 [INFO] Añadiendo prenda al usuario com.dam.armario.entidades.usuario.Usuario@4c52a1f5
 Fri Jun 07 17:43:49 CEST 2024 [INFO] Entrando en el menu Incial de la app.
 Fri Jun 07 17:43:49 CEST 2024 [INFO] Iniicando de registro usuario.
 Fri Jun 07 17:43:49 CEST 2024 [INFO] Usuariocom.dam.armario.entidades.usuario.Usuario@2c3f921registrado correctamente.
 Fri Jun 07 17:43:49 CEST 2024 [INFO] Usuariocom.dam.armario.entidades.usuario.Usuario@2c3f921Entra en Menu Principal.
 Fri Jun 07 17:43:49 CEST 2024 [INFO] Entrando en el menu de Ropa del usuariocom.dam.armario.entidades.usuario.Usuario@2c3f921
 Fri Jun 07 17:43:49 CEST 2024 [INFO] Añadiendo prenda al usuario com.dam.armario.entidades.usuario.Usuario@2c3f921
 Fri Jun 07 17:45:16 CEST 2024 [INFO] Entrando en el menu Incial de la app.
 Fri Jun 07 17:45:16 CEST 2024 [INFO] Iniicando de registro usuario.
 Fri Jun 07 17:45:16 CEST 2024 [INFO] Usuariocom.dam.armario.entidades.usuario.Usuario@42852efdregistrado correctamente.
 Fri Jun 07 17:45:16 CEST 2024 [INFO] Usuariocom.dam.armario.entidades.usuario.Usuario@42852efdEntra en Menu Principal.
 Fri Jun 07 17:45:16 CEST 2024 [INFO] Entrando en el menu de Ropa del usuariocom.dam.armario.entidades.usuario.Usuario@42852efd
 Fri Jun 07 17:45:16 CEST 2024 [INFO] Viendo la ropa del usuario com.dam.armario.entidades.usuario.Usuario@42852efd
 Fri Jun 07 17:52:31 CEST 2024 [INFO] Entrando en el menu Incial de la app.
 Fri Jun 07 17:52:31 CEST 2024 [INFO] Iniicando de registro usuario.
 Fri Jun 07 17:52:31 CEST 2024 [INFO] Usuariocom.dam.armario.entidades.usuario.Usuario@5422d6afregistrado correctamente.
 Fri Jun 07 17:52:31 CEST 2024 [INFO] Usuariocom.dam.armario.entidades.usuario.Usuario@5422d6afEntra en Menu Principal.
 Fri Jun 07 17:52:31 CEST 2024 [INFO] Entrando en el menu de Ropa del usuariocom.dam.armario.entidades.usuario.Usuario@5422d6af
 Fri Jun 07 17:52:31 CEST 2024 [INFO] Viendo la ropa del usuario com.dam.armario.entidades.usuario.Usuario@5422d6af
 Fri Jun 07 17:55:31 CEST 2024 [INFO] Entrando en el menu Incial de la app.
 Fri Jun 07 17:55:31 CEST 2024 [INFO] Iniicando de registro usuario.
 Fri Jun 07 17:55:31 CEST 2024 [INFO] Usuariocom.dam.armario.entidades.usuario.Usuario@5422d6afregistrado correctamente.
 Fri Jun 07 17:55:31 CEST 2024 [INFO] Usuariocom.dam.armario.entidades.usuario.Usuario@5422d6afEntra en Menu Principal.
 Fri Jun 07 17:55:31 CEST 2024 [INFO] Entrando en el menu de Ropa del usuariocom.dam.armario.entidades.usuario.Usuario@5422d6af
 Fri Jun 07 17:55:31 CEST 2024 [INFO] Viendo la ropa del usuario com.dam.armario.entidades.usuario.Usuario@5422d6af
 Fri Jun 07 17:55:31 CEST 2024 [INFO] Usuariocom.dam.armario.entidades.usuario.Usuario@5422d6afEntra en Menu Principal.
 Fri Jun 07 18:37:44 CEST 2024 [INFO] Entrando en el menu Incial de la app.
 Fri Jun 07 18:37:44 CEST 2024 [INFO] Iniicando de registro usuario.
 Fri Jun 07 18:37:44 CEST 2024 [INFO] Usuariocom.dam.armario.entidades.usuario.Usuario@7cdd9f49registrado correctamente.
 Fri Jun 07 18:37:44 CEST 2024 [INFO] Usuariocom.dam.armario.entidades.usuario.Usuario@7cdd9f49Entra en Menu Principal.
 Fri Jun 07 18:37:44 CEST 2024 [INFO] Entrando en el menu de Outfits del usuario com.dam.armario.entidades.usuario.Usuario@7cdd9f49
 Fri Jun 07 18:37:44 CEST 2024 [INFO] Viendo outfits del usuariocom.dam.armario.entidades.usuario.Usuario@7cdd9f49
 Fri Jun 07 18:37:44 CEST 2024 [INFO] Usuariocom.dam.armario.entidades.usuario.Usuario@7cdd9f49Entra en Menu Principal.
 Fri Jun 07 18:37:44 CEST 2024 [INFO] Entrando en el menu de Outfits del usuario com.dam.armario.entidades.usuario.Usuario@7cdd9f49
 Fri Jun 07 18:37:44 CEST 2024 [INFO] Creando outfit al usuario com.dam.armario.entidades.usuario.Usuario@7cdd9f49
 Fri Jun 07 18:37:44 CEST 2024 [INFO] Usuariocom.dam.armario.entidades.usuario.Usuario@7cdd9f49Entra en Menu Principal.
 Fri Jun 07 18:47:37 CEST 2024 [INFO] Entrando en el menu Incial de la app.
 Fri Jun 07 18:47:37 CEST 2024 [INFO] Iniicando de registro usuario.
 Fri Jun 07 18:47:37 CEST 2024 [INFO] Usuariocom.dam.armario.entidades.usuario.Usuario@440be665registrado correctamente.
 Fri Jun 07 18:47:37 CEST 2024 [INFO] Usuariocom.dam.armario.entidades.usuario.Usuario@440be665Entra en Menu Principal.
 Fri Jun 07 18:47:37 CEST 2024 [INFO] Entrando en el menu de Outfits del usuario com.dam.armario.entidades.usuario.Usuario@440be665
 Fri Jun 07 18:47:37 CEST 2024 [INFO] Viendo outfits del usuariocom.dam.armario.entidades.usuario.Usuario@440be665
 Fri Jun 07 18:49:35 CEST 2024 [INFO] Entrando en el menu Incial de la app.
 Fri Jun 07 18:51:45 CEST 2024 [INFO] Entrando en el menu Incial de la app.
 Fri Jun 07 18:51:45 CEST 2024 [INFO] Iniicando de registro usuario.
 Fri Jun 07 18:51:45 CEST 2024 [INFO] Usuariocom.dam.armario.entidades.usuario.Usuario@ee682baregistrado correctamente.
 Fri Jun 07 18:51:45 CEST 2024 [INFO] Usuariocom.dam.armario.entidades.usuario.Usuario@ee682baEntra en Menu Principal.
 Fri Jun 07 18:51:45 CEST 2024 [INFO] Entrando en el menu de Outfits del usuario com.dam.armario.entidades.usuario.Usuario@ee682ba
 Fri Jun 07 18:51:45 CEST 2024 [INFO] Viendo outfits del usuariocom.dam.armario.entidades.usuario.Usuario@ee682ba
 Fri Jun 07 18:51:45 CEST 2024 [INFO] Usuariocom.dam.armario.entidades.usuario.Usuario@ee682baEntra en Menu Principal.
 Fri Jun 07 18:51:45 CEST 2024 [INFO] Usuario null Ha cerrado sesión.
 Fri Jun 07 19:24:09 CEST 2024 [INFO] Entrando en el menu Incial de la app.
 Fri Jun 07 19:24:09 CEST 2024 [INFO] Iniicando de registro usuario.
 Fri Jun 07 19:24:09 CEST 2024 [INFO] Usuariocom.dam.armario.entidades.usuario.Usuario@3f9db02aregistrado correctamente.
 Fri Jun 07 19:24:09 CEST 2024 [INFO] Usuariocom.dam.armario.entidades.usuario.Usuario@3f9db02aEntra en Menu Principal.
 Fri Jun 07 19:24:09 CEST 2024 [INFO] Entrando en el menu de Outfits del usuario com.dam.armario.entidades.usuario.Usuario@3f9db02a
 Fri Jun 07 19:24:09 CEST 2024 [INFO] Viendo outfits del usuariocom.dam.armario.entidades.usuario.Usuario@3f9db02a
 Fri Jun 07 19:24:09 CEST 2024 [INFO] Usuariocom.dam.armario.entidades.usuario.Usuario@3f9db02aEntra en Menu Principal.
 Fri Jun 07 19:24:09 CEST 2024 [INFO] Entrando en el menu de Outfits del usuario com.dam.armario.entidades.usuario.Usuario@3f9db02a
 Fri Jun 07 19:24:09 CEST 2024 [INFO] Creando outfit al usuario com.dam.armario.entidades.usuario.Usuario@3f9db02a
 Fri Jun 07 19:24:09 CEST 2024 [INFO] Usuariocom.dam.armario.entidades.usuario.Usuario@3f9db02aEntra en Menu Principal.
 Fri Jun 07 19:24:09 CEST 2024 [INFO] Entrando en el menu de Outfits del usuario com.dam.armario.entidades.usuario.Usuario@3f9db02a
 Fri Jun 07 19:24:09 CEST 2024 [INFO] Viendo outfits del usuariocom.dam.armario.entidades.usuario.Usuario@3f9db02a
 Sat Jun 08 18:30:22 CEST 2024 [INFO] Entrando en el menu Incial de la app.
 Sat Jun 08 18:30:22 CEST 2024 [INFO] Registrando usuario...
 Sat Jun 08 18:30:22 CEST 2024 [INFO] Entrando en el menu Incial de la app.
 Sat Jun 08 18:30:22 CEST 2024 [INFO] Iniicando de registro usuario.
 Sat Jun 08 18:30:22 CEST 2024 [INFO] Usuariocom.dam.armario.entidades.usuario.Usuario@7db126aeregistrado correctamente.
 Sat Jun 08 18:30:22 CEST 2024 [INFO] Usuariocom.dam.armario.entidades.usuario.Usuario@7db126aeEntra en Menu Principal.
 Sat Jun 08 18:30:22 CEST 2024 [INFO] Usuario com.dam.armario.entidades.usuario.Usuario@7db126ae entra en menu de Perfil personal.
 Sat Jun 08 18:30:22 CEST 2024 [INFO] Usuariocom.dam.armario.entidades.usuario.Usuario@7db126aeEntra en Menu Principal.
 Sat Jun 08 18:30:22 CEST 2024 [INFO] Usuario com.dam.armario.entidades.usuario.Usuario@7db126ae entra en menu de Perfil personal.
 Sat Jun 08 18:45:11 CEST 2024 [INFO] Entrando en el menu Incial de la app.
 Sat Jun 08 18:45:11 CEST 2024 [INFO] Iniicando de registro usuario.
 Sat Jun 08 18:45:11 CEST 2024 [INFO] Usuariocom.dam.armario.entidades.usuario.Usuario@2bee2150registrado correctamente.
 Sat Jun 08 18:45:11 CEST 2024 [INFO] Usuariocom.dam.armario.entidades.usuario.Usuario@2bee2150Entra en Menu Principal.
 Sat Jun 08 18:45:11 CEST 2024 [INFO] Usuario com.dam.armario.entidades.usuario.Usuario@2bee2150 entra en menu de Perfil personal.
 Sat Jun 08 18:45:11 CEST 2024 [INFO] Usuariocom.dam.armario.entidades.usuario.Usuario@2bee2150Entra en Menu Principal.
 Sat Jun 08 18:45:11 CEST 2024 [INFO] Usuario com.dam.armario.entidades.usuario.Usuario@2bee2150 entra en menu de Perfil personal.
 Sat Jun 08 18:45:11 CEST 2024 [INFO] Usuariocom.dam.armario.entidades.usuario.Usuario@2bee2150Entra en Menu Principal.
 Sat Jun 08 18:48:52 CEST 2024 [INFO] Entrando en el menu Incial de la app.
 Sat Jun 08 18:48:52 CEST 2024 [INFO] Iniicando de registro usuario.
 Sat Jun 08 18:48:52 CEST 2024 [INFO] Usuariocom.dam.armario.entidades.usuario.Usuario@4eb1657cregistrado correctamente.
 Sat Jun 08 18:48:52 CEST 2024 [INFO] Usuariocom.dam.armario.entidades.usuario.Usuario@4eb1657cEntra en Menu Principal.
 Sat Jun 08 18:53:30 CEST 2024 [INFO] Entrando en el menu Incial de la app.
 Sat Jun 08 18:53:30 CEST 2024 [INFO] Entrando en el menu Incial de la app.
 Sat Jun 08 18:53:30 CEST 2024 [INFO] Iniicando de registro usuario.
 Sat Jun 08 18:53:30 CEST 2024 [INFO] Usuariocom.dam.armario.entidades.usuario.Usuario@3961984cregistrado correctamente.
 Sat Jun 08 18:53:30 CEST 2024 [INFO] Usuariocom.dam.armario.entidades.usuario.Usuario@3961984cEntra en Menu Principal.
 Sat Jun 08 18:53:30 CEST 2024 [INFO] Usuario com.dam.armario.entidades.usuario.Usuario@3961984c entra en menu de Perfil personal.
 Sat Jun 08 18:56:27 CEST 2024 [INFO] Entrando en el menu Incial de la app.
 Sat Jun 08 18:56:27 CEST 2024 [INFO] Iniicando de registro usuario.
 Sat Jun 08 18:56:27 CEST 2024 [INFO] Usuariocom.dam.armario.entidades.usuario.Usuario@655b641eregistrado correctamente.
 Sat Jun 08 18:56:27 CEST 2024 [INFO] Usuariocom.dam.armario.entidades.usuario.Usuario@655b641eEntra en Menu Principal.
 Sat Jun 08 18:56:27 CEST 2024 [INFO] Usuario com.dam.armario.entidades.usuario.Usuario@655b641e entra en menu de Perfil personal.
 Sat Jun 08 19:00:34 CEST 2024 [INFO] Entrando en el menu Incial de la app.
 Sat Jun 08 19:00:34 CEST 2024 [INFO] Iniicando de registro usuario.
 Sat Jun 08 19:00:34 CEST 2024 [INFO] Usuariocom.dam.armario.entidades.usuario.Usuario@1c00abe9registrado correctamente.
 Sat Jun 08 19:00:34 CEST 2024 [INFO] Usuariocom.dam.armario.entidades.usuario.Usuario@1c00abe9Entra en Menu Principal.
 Sat Jun 08 19:00:34 CEST 2024 [INFO] Usuario com.dam.armario.entidades.usuario.Usuario@1c00abe9 entra en menu de Perfil personal.
 Sat Jun 08 19:01:54 CEST 2024 [INFO] Entrando en el menu Incial de la app.
 Sat Jun 08 19:01:54 CEST 2024 [INFO] Iniicando de registro usuario.
 Sat Jun 08 19:01:54 CEST 2024 [INFO] Usuariocom.dam.armario.entidades.usuario.Usuario@467355c4registrado correctamente.
 Sat Jun 08 19:01:54 CEST 2024 [INFO] Usuariocom.dam.armario.entidades.usuario.Usuario@467355c4Entra en Menu Principal.
 Sat Jun 08 19:01:54 CEST 2024 [INFO] Usuario com.dam.armario.entidades.usuario.Usuario@467355c4 entra en menu de Perfil personal.
 Sat Jun 08 19:06:01 CEST 2024 [INFO] Entrando en el menu Incial de la app.
 Sat Jun 08 19:06:01 CEST 2024 [INFO] Iniicando de registro usuario.
 Sat Jun 08 19:06:01 CEST 2024 [INFO] Usuariocom.dam.armario.entidades.usuario.Usuario@2053fdcaregistrado correctamente.
 Sat Jun 08 19:06:01 CEST 2024 [INFO] Usuariocom.dam.armario.entidades.usuario.Usuario@2053fdcaEntra en Menu Principal.
 Sat Jun 08 19:06:01 CEST 2024 [INFO] Usuario com.dam.armario.entidades.usuario.Usuario@2053fdca entra en menu de Perfil personal.
 Sat Jun 08 19:06:01 CEST 2024 [INFO] Usuariocom.dam.armario.entidades.usuario.Usuario@2053fdcaEntra en Menu Principal.
 Sat Jun 08 19:06:01 CEST 2024 [INFO] Entrando en el menu de Ropa del usuariocom.dam.armario.entidades.usuario.Usuario@2053fdca
 Sat Jun 08 19:06:01 CEST 2024 [INFO] Viendo la ropa del usuario com.dam.armario.entidades.usuario.Usuario@2053fdca
 Sat Jun 08 19:06:01 CEST 2024 [INFO] Usuariocom.dam.armario.entidades.usuario.Usuario@2053fdcaEntra en Menu Principal.
 Sat Jun 08 19:06:01 CEST 2024 [INFO] Usuario null Ha cerrado sesión.
 Sat Jun 08 19:06:01 CEST 2024 [INFO] Entrando en el menu Incial de la app.
 Sat Jun 08 19:06:01 CEST 2024 [INFO] Iniicando de registro usuario.
 Sat Jun 08 19:06:01 CEST 2024 [INFO] Usuariocom.dam.armario.entidades.usuario.Usuario@221002d5registrado correctamente.
 Sat Jun 08 19:06:01 CEST 2024 [INFO] Usuariocom.dam.armario.entidades.usuario.Usuario@221002d5Entra en Menu Principal.
 Sat Jun 08 19:06:01 CEST 2024 [INFO] Entrando en el menu de Ropa del usuariocom.dam.armario.entidades.usuario.Usuario@221002d5
 Sat Jun 08 19:06:01 CEST 2024 [INFO] Viendo la ropa del usuario com.dam.armario.entidades.usuario.Usuario@221002d5
 Sat Jun 08 19:06:01 CEST 2024 [INFO] Usuariocom.dam.armario.entidades.usuario.Usuario@221002d5Entra en Menu Principal.
 Sat Jun 08 19:06:01 CEST 2024 [INFO] Entrando en el menu de Ropa del usuariocom.dam.armario.entidades.usuario.Usuario@221002d5
 Sat Jun 08 19:06:01 CEST 2024 [INFO] Eliminando prenda del usuario com.dam.armario.entidades.usuario.Usuario@221002d5
 Sat Jun 08 19:11:41 CEST 2024 [INFO] Entrando en el menu Incial de la app.
 Sat Jun 08 19:11:41 CEST 2024 [INFO] Iniicando de registro usuario.
 Sat Jun 08 19:11:41 CEST 2024 [INFO] Usuariocom.dam.armario.entidades.usuario.Usuario@137a798eregistrado correctamente.
 Sat Jun 08 19:11:41 CEST 2024 [INFO] Usuariocom.dam.armario.entidades.usuario.Usuario@137a798eEntra en Menu Principal.
 Sat Jun 08 19:11:41 CEST 2024 [INFO] Entrando en el menu de Ropa del usuariocom.dam.armario.entidades.usuario.Usuario@137a798e
 Sat Jun 08 19:11:41 CEST 2024 [INFO] Viendo la ropa del usuario com.dam.armario.entidades.usuario.Usuario@137a798e
 Sat Jun 08 19:11:41 CEST 2024 [INFO] Usuariocom.dam.armario.entidades.usuario.Usuario@137a798eEntra en Menu Principal.
 Sat Jun 08 19:11:41 CEST 2024 [INFO] Entrando en el menu de Ropa del usuariocom.dam.armario.entidades.usuario.Usuario@137a798e
 Sat Jun 08 19:11:41 CEST 2024 [INFO] Eliminando prenda del usuario com.dam.armario.entidades.usuario.Usuario@137a798e
 Sat Jun 08 19:17:19 CEST 2024 [INFO] Entrando en el menu Incial de la app.
 Sat Jun 08 19:17:19 CEST 2024 [INFO] Iniicando de registro usuario.
 Sat Jun 08 19:17:19 CEST 2024 [INFO] Usuariocom.dam.armario.entidades.usuario.Usuario@69a79c06registrado correctamente.
 Sat Jun 08 19:17:19 CEST 2024 [INFO] Usuariocom.dam.armario.entidades.usuario.Usuario@69a79c06Entra en Menu Principal.
 Sat Jun 08 19:17:19 CEST 2024 [INFO] Entrando en el menu de Ropa del usuariocom.dam.armario.entidades.usuario.Usuario@69a79c06
 Sat Jun 08 19:17:19 CEST 2024 [INFO] Viendo la ropa del usuario com.dam.armario.entidades.usuario.Usuario@69a79c06
 Sat Jun 08 19:17:19 CEST 2024 [INFO] Usuariocom.dam.armario.entidades.usuario.Usuario@69a79c06Entra en Menu Principal.
 Sat Jun 08 19:17:19 CEST 2024 [INFO] Entrando en el menu de Ropa del usuariocom.dam.armario.entidades.usuario.Usuario@69a79c06
 Sat Jun 08 19:17:19 CEST 2024 [INFO] Eliminando prenda del usuario com.dam.armario.entidades.usuario.Usuario@69a79c06
 Sat Jun 08 19:19:23 CEST 2024 [INFO] Entrando en el menu Incial de la app.
 Sat Jun 08 19:19:23 CEST 2024 [INFO] Iniicando de registro usuario.
 Sat Jun 08 19:19:23 CEST 2024 [INFO] Usuariocom.dam.armario.entidades.usuario.Usuario@77e3da3dregistrado correctamente.
 Sat Jun 08 19:19:23 CEST 2024 [INFO] Usuariocom.dam.armario.entidades.usuario.Usuario@77e3da3dEntra en Menu Principal.
 Sat Jun 08 19:19:23 CEST 2024 [INFO] Entrando en el menu de Ropa del usuariocom.dam.armario.entidades.usuario.Usuario@77e3da3d
 Sat Jun 08 19:19:23 CEST 2024 [INFO] Eliminando prenda del usuario com.dam.armario.entidades.usuario.Usuario@77e3da3d
 Sat Jun 08 19:19:23 CEST 2024 [INFO] Usuariocom.dam.armario.entidades.usuario.Usuario@77e3da3dEntra en Menu Principal.
 Sat Jun 08 19:19:23 CEST 2024 [INFO] Entrando en el menu de Ropa del usuariocom.dam.armario.entidades.usuario.Usuario@77e3da3d
 Sat Jun 08 19:19:23 CEST 2024 [INFO] Viendo la ropa del usuario com.dam.armario.entidades.usuario.Usuario@77e3da3d
 Sat Jun 08 19:19:23 CEST 2024 [INFO] Usuariocom.dam.armario.entidades.usuario.Usuario@77e3da3dEntra en Menu Principal.
 Sat Jun 08 19:19:23 CEST 2024 [INFO] Usuario null Ha cerrado sesión.
 Sat Jun 08 19:20:05 CEST 2024 [INFO] Entrando en el menu Incial de la app.
 Sat Jun 08 19:20:05 CEST 2024 [INFO] Iniicando de registro usuario.
 Sat Jun 08 19:20:05 CEST 2024 [INFO] Usuariocom.dam.armario.entidades.usuario.Usuario@2c407366registrado correctamente.
 Sat Jun 08 19:20:05 CEST 2024 [INFO] Usuariocom.dam.armario.entidades.usuario.Usuario@2c407366Entra en Menu Principal.
 Sat Jun 08 19:20:05 CEST 2024 [INFO] Entrando en el menu de Ropa del usuariocom.dam.armario.entidades.usuario.Usuario@2c407366
 Sat Jun 08 19:20:05 CEST 2024 [INFO] Viendo la ropa del usuario com.dam.armario.entidades.usuario.Usuario@2c407366
 Sat Jun 08 19:21:03 CEST 2024 [INFO] Entrando en el menu Incial de la app.
 Sat Jun 08 19:21:03 CEST 2024 [INFO] Iniicando de registro usuario.
 Sat Jun 08 19:21:03 CEST 2024 [INFO] Usuariocom.dam.armario.entidades.usuario.Usuario@70d1b790registrado correctamente.
 Sat Jun 08 19:21:03 CEST 2024 [INFO] Usuariocom.dam.armario.entidades.usuario.Usuario@70d1b790Entra en Menu Principal.
 Sat Jun 08 19:21:03 CEST 2024 [INFO] Entrando en el menu de Ropa del usuariocom.dam.armario.entidades.usuario.Usuario@70d1b790
 Sat Jun 08 19:21:03 CEST 2024 [INFO] Eliminando prenda del usuario com.dam.armario.entidades.usuario.Usuario@70d1b790
 Sat Jun 08 19:24:05 CEST 2024 [INFO] Entrando en el menu Incial de la app.
 Sat Jun 08 19:24:05 CEST 2024 [INFO] Iniicando de registro usuario.
 Sat Jun 08 19:24:05 CEST 2024 [INFO] Usuariocom.dam.armario.entidades.usuario.Usuario@70d1b790registrado correctamente.
 Sat Jun 08 19:24:05 CEST 2024 [INFO] Usuariocom.dam.armario.entidades.usuario.Usuario@70d1b790Entra en Menu Principal.
 Sat Jun 08 19:24:05 CEST 2024 [INFO] Entrando en el menu de Ropa del usuariocom.dam.armario.entidades.usuario.Usuario@70d1b790
 Sat Jun 08 19:24:05 CEST 2024 [INFO] Viendo la ropa del usuario com.dam.armario.entidades.usuario.Usuario@70d1b790
 Sat Jun 08 19:24:05 CEST 2024 [INFO] Usuariocom.dam.armario.entidades.usuario.Usuario@70d1b790Entra en Menu Principal.
 Sat Jun 08 19:24:05 CEST 2024 [INFO] Entrando en el menu de Ropa del usuariocom.dam.armario.entidades.usuario.Usuario@70d1b790
 Sat Jun 08 19:39:40 CEST 2024 [INFO] Entrando en el menu Incial de la app.
 Sat Jun 08 19:39:40 CEST 2024 [INFO] Entrando en el menu Incial de la app.
 Sat Jun 08 19:39:40 CEST 2024 [INFO] Iniicando de registro usuario.
 Sat Jun 08 19:39:40 CEST 2024 [INFO] Entrando en el menu Incial de la app.
 Sat Jun 08 19:39:40 CEST 2024 [INFO] Iniicando de registro usuario.
 Sat Jun 08 19:39:40 CEST 2024 [INFO] Usuariocom.dam.armario.entidades.usuario.Usuario@69a79c06registrado correctamente.
 Sat Jun 08 19:39:40 CEST 2024 [INFO] Usuariocom.dam.armario.entidades.usuario.Usuario@69a79c06Entra en Menu Principal.
 Sat Jun 08 19:39:40 CEST 2024 [INFO] Entrando en el menu de Ropa del usuariocom.dam.armario.entidades.usuario.Usuario@69a79c06
 Sat Jun 08 19:39:40 CEST 2024 [INFO] Eliminando prenda del usuario com.dam.armario.entidades.usuario.Usuario@69a79c06
 Sat Jun 08 19:41:14 CEST 2024 [INFO] Entrando en el menu Incial de la app.
 Sat Jun 08 19:41:14 CEST 2024 [INFO] Iniicando de registro usuario.
 Sat Jun 08 19:41:14 CEST 2024 [INFO] Entrando en el menu Incial de la app.
 Sat Jun 08 19:41:14 CEST 2024 [INFO] Iniicando de registro usuario.
 Sat Jun 08 19:41:14 CEST 2024 [INFO] Usuariocom.dam.armario.entidades.usuario.Usuario@3dac9483registrado correctamente.
 Sat Jun 08 19:41:14 CEST 2024 [INFO] Usuariocom.dam.armario.entidades.usuario.Usuario@3dac9483Entra en Menu Principal.
 Sat Jun 08 19:41:14 CEST 2024 [INFO] Entrando en el menu de Ropa del usuariocom.dam.armario.entidades.usuario.Usuario@3dac9483
 Sat Jun 08 19:41:14 CEST 2024 [INFO] Viendo la ropa del usuario com.dam.armario.entidades.usuario.Usuario@3dac9483
 Sat Jun 08 19:41:14 CEST 2024 [INFO] Usuariocom.dam.armario.entidades.usuario.Usuario@3dac9483Entra en Menu Principal.
 Sat Jun 08 19:41:14 CEST 2024 [INFO] Entrando en el menu de Outfits del usuario com.dam.armario.entidades.usuario.Usuario@3dac9483
 Sat Jun 08 19:41:14 CEST 2024 [INFO] Viendo outfits del usuariocom.dam.armario.entidades.usuario.Usuario@3dac9483
 Sat Jun 08 19:41:14 CEST 2024 [INFO] Usuariocom.dam.armario.entidades.usuario.Usuario@3dac9483Entra en Menu Principal.
 Sat Jun 08 19:41:14 CEST 2024 [INFO] Entrando en el menu de Outfits del usuario com.dam.armario.entidades.usuario.Usuario@3dac9483
 Sat Jun 08 19:41:14 CEST 2024 [INFO] Eliminando outfit del usuario com.dam.armario.entidades.usuario.Usuario@3dac9483
 Sat Jun 08 19:41:14 CEST 2024 [INFO] Usuariocom.dam.armario.entidades.usuario.Usuario@3dac9483Entra en Menu Principal.
 Sat Jun 08 19:41:14 CEST 2024 [INFO] Entrando en el menu de Outfits del usuario com.dam.armario.entidades.usuario.Usuario@3dac9483
 Sat Jun 08 19:41:14 CEST 2024 [INFO] Eliminando outfit del usuario com.dam.armario.entidades.usuario.Usuario@3dac9483
 Sat Jun 08 19:41:14 CEST 2024 [INFO] Usuariocom.dam.armario.entidades.usuario.Usuario@3dac9483Entra en Menu Principal.
 Sat Jun 08 19:41:14 CEST 2024 [INFO] Usuario com.dam.armario.entidades.usuario.Usuario@3dac9483 entra en menu de Perfil personal.
 Sat Jun 08 19:41:14 CEST 2024 [INFO] Usuariocom.dam.armario.entidades.usuario.Usuario@3dac9483Entra en Menu Principal.
 Sat Jun 08 19:41:14 CEST 2024 [INFO] Entrando en el menu de Outfits del usuario com.dam.armario.entidades.usuario.Usuario@3dac9483
 Sat Jun 08 19:41:14 CEST 2024 [INFO] Viendo outfits del usuariocom.dam.armario.entidades.usuario.Usuario@3dac9483
 Sat Jun 08 19:41:14 CEST 2024 [INFO] Usuariocom.dam.armario.entidades.usuario.Usuario@3dac9483Entra en Menu Principal.
 Sat Jun 08 19:41:14 CEST 2024 [INFO] Entrando en el menu de Outfits del usuario com.dam.armario.entidades.usuario.Usuario@3dac9483
 Sat Jun 08 19:44:38 CEST 2024 [INFO] Entrando en el menu Incial de la app.
 Sat Jun 08 19:44:38 CEST 2024 [INFO] Iniicando de registro usuario.
 Sat Jun 08 19:44:38 CEST 2024 [INFO] Usuariocom.dam.armario.entidades.usuario.Usuario@545e5200registrado correctamente.
 Sat Jun 08 19:44:38 CEST 2024 [INFO] Usuariocom.dam.armario.entidades.usuario.Usuario@545e5200Entra en Menu Principal.
 Sat Jun 08 19:44:38 CEST 2024 [INFO] Entrando en el menu de Outfits del usuario com.dam.armario.entidades.usuario.Usuario@545e5200
 Sat Jun 08 19:44:38 CEST 2024 [INFO] Viendo outfits del usuariocom.dam.armario.entidades.usuario.Usuario@545e5200
 Sat Jun 08 19:46:34 CEST 2024 [INFO] Entrando en el menu Incial de la app.
 Sat Jun 08 19:46:34 CEST 2024 [INFO] Iniicando de registro usuario.
 Sat Jun 08 19:46:34 CEST 2024 [INFO] Usuariocom.dam.armario.entidades.usuario.Usuario@351a17b2registrado correctamente.
 Sat Jun 08 19:46:34 CEST 2024 [INFO] Usuariocom.dam.armario.entidades.usuario.Usuario@351a17b2Entra en Menu Principal.
 Sat Jun 08 19:46:34 CEST 2024 [INFO] Entrando en el menu de Outfits del usuario com.dam.armario.entidades.usuario.Usuario@351a17b2
 Sat Jun 08 19:46:34 CEST 2024 [INFO] Viendo outfits del usuariocom.dam.armario.entidades.usuario.Usuario@351a17b2
 Sat Jun 08 19:46:34 CEST 2024 [INFO] Usuariocom.dam.armario.entidades.usuario.Usuario@351a17b2Entra en Menu Principal.
 Sat Jun 08 19:46:34 CEST 2024 [INFO] Entrando en el menu de Outfits del usuario com.dam.armario.entidades.usuario.Usuario@351a17b2
 Sat Jun 08 19:48:10 CEST 2024 [INFO] Entrando en el menu Incial de la app.
 Sat Jun 08 19:48:10 CEST 2024 [INFO] Iniicando de registro usuario.
 Sat Jun 08 19:48:10 CEST 2024 [INFO] Usuariocom.dam.armario.entidades.usuario.Usuario@4bbe2d2bregistrado correctamente.
 Sat Jun 08 19:48:10 CEST 2024 [INFO] Usuariocom.dam.armario.entidades.usuario.Usuario@4bbe2d2bEntra en Menu Principal.
 Sat Jun 08 19:48:10 CEST 2024 [INFO] Entrando en el menu de Outfits del usuario com.dam.armario.entidades.usuario.Usuario@4bbe2d2b
 Sat Jun 08 19:51:27 CEST 2024 [INFO] Entrando en el menu Incial de la app.
 Sat Jun 08 19:51:27 CEST 2024 [INFO] Iniicando de registro usuario.
 Sat Jun 08 19:51:27 CEST 2024 [INFO] Usuariocom.dam.armario.entidades.usuario.Usuario@38ecfb49registrado correctamente.
 Sat Jun 08 19:51:27 CEST 2024 [INFO] Usuariocom.dam.armario.entidades.usuario.Usuario@38ecfb49Entra en Menu Principal.
 Sat Jun 08 19:51:27 CEST 2024 [INFO] Entrando en el menu de Outfits del usuario com.dam.armario.entidades.usuario.Usuario@38ecfb49
 Sat Jun 08 19:57:04 CEST 2024 [INFO] Entrando en el menu Incial de la app.
 Sat Jun 08 19:57:04 CEST 2024 [INFO] Iniicando de registro usuario.
 Sat Jun 08 19:57:04 CEST 2024 [INFO] Usuariocom.dam.armario.entidades.usuario.Usuario@5a7a561aregistrado correctamente.
 Sat Jun 08 19:57:04 CEST 2024 [INFO] Usuariocom.dam.armario.entidades.usuario.Usuario@5a7a561aEntra en Menu Principal.
 Sat Jun 08 19:57:04 CEST 2024 [INFO] Entrando en el menu de Outfits del usuario com.dam.armario.entidades.usuario.Usuario@5a7a561a
 Sat Jun 08 19:57:04 CEST 2024 [INFO] Viendo outfits del usuariocom.dam.armario.entidades.usuario.Usuario@5a7a561a
 Sat Jun 08 19:57:04 CEST 2024 [INFO] Usuariocom.dam.armario.entidades.usuario.Usuario@5a7a561aEntra en Menu Principal.
 Sat Jun 08 19:57:04 CEST 2024 [INFO] Entrando en el menu de Outfits del usuario com.dam.armario.entidades.usuario.Usuario@5a7a561a
 Sat Jun 08 19:57:04 CEST 2024 [INFO] Eliminando outfit del usuario com.dam.armario.entidades.usuario.Usuario@5a7a561a
 Sat Jun 08 19:57:04 CEST 2024 [INFO] Usuariocom.dam.armario.entidades.usuario.Usuario@5a7a561aEntra en Menu Principal.
 Sat Jun 08 19:57:04 CEST 2024 [INFO] Usuario com.dam.armario.entidades.usuario.Usuario@5a7a561a entra en menu de Perfil personal.
 Sat Jun 08 19:57:04 CEST 2024 [INFO] Usuariocom.dam.armario.entidades.usuario.Usuario@5a7a561aEntra en Menu Principal.
 Sat Jun 08 19:57:04 CEST 2024 [INFO] Entrando en el menu de Outfits del usuario com.dam.armario.entidades.usuario.Usuario@5a7a561a
 Sat Jun 08 19:57:04 CEST 2024 [INFO] Viendo outfits del usuariocom.dam.armario.entidades.usuario.Usuario@5a7a561a
 Sat Jun 08 20:04:34 CEST 2024 [INFO] Entrando en el menu Incial de la app.
 Sat Jun 08 20:04:34 CEST 2024 [INFO] Iniicando de registro usuario.
 Sat Jun 08 20:04:34 CEST 2024 [INFO] Usuariocom.dam.armario.entidades.usuario.Usuario@2c407366registrado correctamente.
 Sat Jun 08 20:04:34 CEST 2024 [INFO] Usuariocom.dam.armario.entidades.usuario.Usuario@2c407366Entra en Menu Principal.
 Sat Jun 08 20:04:34 CEST 2024 [INFO] Entrando en el menu de Outfits del usuario com.dam.armario.entidades.usuario.Usuario@2c407366
 Sat Jun 08 20:05:42 CEST 2024 [INFO] Entrando en el menu Incial de la app.
 Sat Jun 08 20:05:42 CEST 2024 [INFO] Iniicando de registro usuario.
 Sat Jun 08 20:05:42 CEST 2024 [INFO] Usuariocom.dam.armario.entidades.usuario.Usuario@4255cd93registrado correctamente.
 Sat Jun 08 20:05:42 CEST 2024 [INFO] Usuariocom.dam.armario.entidades.usuario.Usuario@4255cd93Entra en Menu Principal.
 Sat Jun 08 20:05:42 CEST 2024 [INFO] Entrando en el menu de Outfits del usuario com.dam.armario.entidades.usuario.Usuario@4255cd93
 Sat Jun 08 20:05:42 CEST 2024 [INFO] Eliminando outfit del usuario com.dam.armario.entidades.usuario.Usuario@4255cd93
 Sat Jun 08 20:05:42 CEST 2024 [INFO] Usuariocom.dam.armario.entidades.usuario.Usuario@4255cd93Entra en Menu Principal.
 Sat Jun 08 20:05:42 CEST 2024 [INFO] Entrando en el menu de Outfits del usuario com.dam.armario.entidades.usuario.Usuario@4255cd93
 Sat Jun 08 20:05:42 CEST 2024 [INFO] Viendo outfits del usuariocom.dam.armario.entidades.usuario.Usuario@4255cd93
 Sat Jun 08 20:05:42 CEST 2024 [INFO] Usuariocom.dam.armario.entidades.usuario.Usuario@4255cd93Entra en Menu Principal.
 Sat Jun 08 20:05:42 CEST 2024 [INFO] Usuario null Ha cerrado sesión.